mode: set
github.com/konflux-ci-forks/operator-sdk-builder/bundle-tool/pkg/provenance/verifier.go:56.50,61.2 1 0
github.com/konflux-ci-forks/operator-sdk-builder/bundle-tool/pkg/provenance/verifier.go:64.58,66.2 1 0
github.com/konflux-ci-forks/operator-sdk-builder/bundle-tool/pkg/provenance/verifier.go:69.56,71.2 1 0
github.com/konflux-ci-forks/operator-sdk-builder/bundle-tool/pkg/provenance/verifier.go:74.130,77.32 2 0
github.com/konflux-ci-forks/operator-sdk-builder/bundle-tool/pkg/provenance/verifier.go:77.32,84.73 2 0
github.com/konflux-ci-forks/operator-sdk-builder/bundle-tool/pkg/provenance/verifier.go:84.73,87.18 3 0
github.com/konflux-ci-forks/operator-sdk-builder/bundle-tool/pkg/provenance/verifier.go:87.18,89.5 1 0
github.com/konflux-ci-forks/operator-sdk-builder/bundle-tool/pkg/provenance/verifier.go:90.9,92.4 1 0
github.com/konflux-ci-forks/operator-sdk-builder/bundle-tool/pkg/provenance/verifier.go:94.3,94.34 1 0
github.com/konflux-ci-forks/operator-sdk-builder/bundle-tool/pkg/provenance/verifier.go:97.2,97.21 1 0
github.com/konflux-ci-forks/operator-sdk-builder/bundle-tool/pkg/provenance/verifier.go:101.119,103.29 1 0
github.com/konflux-ci-forks/operator-sdk-builder/bundle-tool/pkg/provenance/verifier.go:103.29,105.3 1 0
github.com/konflux-ci-forks/operator-sdk-builder/bundle-tool/pkg/provenance/verifier.go:108.2,115.16 3 0
github.com/konflux-ci-forks/operator-sdk-builder/bundle-tool/pkg/provenance/verifier.go:115.16,119.3 1 0
github.com/konflux-ci-forks/operator-sdk-builder/bundle-tool/pkg/provenance/verifier.go:122.2,122.57 1 0
github.com/konflux-ci-forks/operator-sdk-builder/bundle-tool/pkg/provenance/verifier.go:122.57,124.3 1 0
github.com/konflux-ci-forks/operator-sdk-builder/bundle-tool/pkg/provenance/verifier.go:126.2,126.12 1 0
github.com/konflux-ci-forks/operator-sdk-builder/bundle-tool/pkg/provenance/verifier.go:130.99,133.29 2 0
github.com/konflux-ci-forks/operator-sdk-builder/bundle-tool/pkg/provenance/verifier.go:133.29,135.50 2 0
github.com/konflux-ci-forks/operator-sdk-builder/bundle-tool/pkg/provenance/verifier.go:135.50,136.12 1 0
github.com/konflux-ci-forks/operator-sdk-builder/bundle-tool/pkg/provenance/verifier.go:139.3,140.68 2 0
github.com/konflux-ci-forks/operator-sdk-builder/bundle-tool/pkg/provenance/verifier.go:140.68,141.12 1 0
github.com/konflux-ci-forks/operator-sdk-builder/bundle-tool/pkg/provenance/verifier.go:145.3,145.96 1 0
github.com/konflux-ci-forks/operator-sdk-builder/bundle-tool/pkg/provenance/verifier.go:145.96,146.54 1 0
github.com/konflux-ci-forks/operator-sdk-builder/bundle-tool/pkg/provenance/verifier.go:146.54,147.42 1 0
github.com/konflux-ci-forks/operator-sdk-builder/bundle-tool/pkg/provenance/verifier.go:147.42,149.43 2 0
github.com/konflux-ci-forks/operator-sdk-builder/bundle-tool/pkg/provenance/verifier.go:149.43,151.7 1 0
github.com/konflux-ci-forks/operator-sdk-builder/bundle-tool/pkg/provenance/verifier.go:152.6,152.11 1 0
github.com/konflux-ci-forks/operator-sdk-builder/bundle-tool/pkg/provenance/verifier.go:158.3,158.45 1 0
github.com/konflux-ci-forks/operator-sdk-builder/bundle-tool/pkg/provenance/verifier.go:158.45,160.4 1 0
github.com/konflux-ci-forks/operator-sdk-builder/bundle-tool/pkg/provenance/verifier.go:163.3,163.96 1 0
github.com/konflux-ci-forks/operator-sdk-builder/bundle-tool/pkg/provenance/verifier.go:163.96,164.38 1 0
github.com/konflux-ci-forks/operator-sdk-builder/bundle-tool/pkg/provenance/verifier.go:164.38,165.41 1 0
github.com/konflux-ci-forks/operator-sdk-builder/bundle-tool/pkg/provenance/verifier.go:165.41,167.6 1 0
github.com/konflux-ci-forks/operator-sdk-builder/bundle-tool/pkg/provenance/verifier.go:171.3,171.8 1 0
github.com/konflux-ci-forks/operator-sdk-builder/bundle-tool/pkg/provenance/verifier.go:174.2,174.12 1 0
github.com/konflux-ci-forks/operator-sdk-builder/bundle-tool/pkg/provenance/verifier.go:178.56,181.2 2 0
github.com/konflux-ci-forks/operator-sdk-builder/bundle-tool/pkg/provenance/verifier.go:184.103,189.33 4 0
github.com/konflux-ci-forks/operator-sdk-builder/bundle-tool/pkg/provenance/verifier.go:189.33,190.22 1 0
github.com/konflux-ci-forks/operator-sdk-builder/bundle-tool/pkg/provenance/verifier.go:190.22,192.4 1 0
github.com/konflux-ci-forks/operator-sdk-builder/bundle-tool/pkg/provenance/verifier.go:193.3,193.30 1 0
github.com/konflux-ci-forks/operator-sdk-builder/bundle-tool/pkg/provenance/verifier.go:193.30,195.4 1 0
github.com/konflux-ci-forks/operator-sdk-builder/bundle-tool/pkg/provenance/verifier.go:198.2,203.3 1 0
github.com/konflux-ci-forks/operator-sdk-builder/bundle-tool/pkg/bundle/analyzer.go:69.42,73.2 1 1
github.com/konflux-ci-forks/operator-sdk-builder/bundle-tool/pkg/bundle/analyzer.go:75.117,77.43 1 0
github.com/konflux-ci-forks/operator-sdk-builder/bundle-tool/pkg/bundle/analyzer.go:77.43,79.3 1 0
github.com/konflux-ci-forks/operator-sdk-builder/bundle-tool/pkg/bundle/analyzer.go:81.2,82.16 2 0
github.com/konflux-ci-forks/operator-sdk-builder/bundle-tool/pkg/bundle/analyzer.go:82.16,84.3 1 0
github.com/konflux-ci-forks/operator-sdk-builder/bundle-tool/pkg/bundle/analyzer.go:87.2,88.16 2 0
github.com/konflux-ci-forks/operator-sdk-builder/bundle-tool/pkg/bundle/analyzer.go:88.16,90.3 1 0
github.com/konflux-ci-forks/operator-sdk-builder/bundle-tool/pkg/bundle/analyzer.go:91.2,95.16 3 0
github.com/konflux-ci-forks/operator-sdk-builder/bundle-tool/pkg/bundle/analyzer.go:95.16,97.3 1 0
github.com/konflux-ci-forks/operator-sdk-builder/bundle-tool/pkg/bundle/analyzer.go:98.2,101.26 3 0
github.com/konflux-ci-forks/operator-sdk-builder/bundle-tool/pkg/bundle/analyzer.go:101.26,103.3 1 0
github.com/konflux-ci-forks/operator-sdk-builder/bundle-tool/pkg/bundle/analyzer.go:105.2,107.39 2 0
github.com/konflux-ci-forks/operator-sdk-builder/bundle-tool/pkg/bundle/analyzer.go:107.39,110.17 2 0
github.com/konflux-ci-forks/operator-sdk-builder/bundle-tool/pkg/bundle/analyzer.go:110.17,113.12 2 0
github.com/konflux-ci-forks/operator-sdk-builder/bundle-tool/pkg/bundle/analyzer.go:116.3,118.17 3 0
github.com/konflux-ci-forks/operator-sdk-builder/bundle-tool/pkg/bundle/analyzer.go:118.17,121.12 2 0
github.com/konflux-ci-forks/operator-sdk-builder/bundle-tool/pkg/bundle/analyzer.go:124.3,124.52 1 0
github.com/konflux-ci-forks/operator-sdk-builder/bundle-tool/pkg/bundle/analyzer.go:127.2,127.57 1 0
github.com/konflux-ci-forks/operator-sdk-builder/bundle-tool/pkg/bundle/analyzer.go:130.108,134.6 3 0
github.com/konflux-ci-forks/operator-sdk-builder/bundle-tool/pkg/bundle/analyzer.go:134.6,136.20 2 0
github.com/konflux-ci-forks/operator-sdk-builder/bundle-tool/pkg/bundle/analyzer.go:136.20,137.9 1 0
github.com/konflux-ci-forks/operator-sdk-builder/bundle-tool/pkg/bundle/analyzer.go:139.3,139.17 1 0
github.com/konflux-ci-forks/operator-sdk-builder/bundle-tool/pkg/bundle/analyzer.go:139.17,141.4 1 0
github.com/konflux-ci-forks/operator-sdk-builder/bundle-tool/pkg/bundle/analyzer.go:143.3,143.37 1 0
github.com/konflux-ci-forks/operator-sdk-builder/bundle-tool/pkg/bundle/analyzer.go:143.37,144.12 1 0
github.com/konflux-ci-forks/operator-sdk-builder/bundle-tool/pkg/bundle/analyzer.go:147.3,147.35 1 0
github.com/konflux-ci-forks/operator-sdk-builder/bundle-tool/pkg/bundle/analyzer.go:147.35,148.12 1 0
github.com/konflux-ci-forks/operator-sdk-builder/bundle-tool/pkg/bundle/analyzer.go:151.3,152.17 2 0
github.com/konflux-ci-forks/operator-sdk-builder/bundle-tool/pkg/bundle/analyzer.go:152.17,154.4 1 0
github.com/konflux-ci-forks/operator-sdk-builder/bundle-tool/pkg/bundle/analyzer.go:156.3,157.17 2 0
github.com/konflux-ci-forks/operator-sdk-builder/bundle-tool/pkg/bundle/analyzer.go:157.17,160.12 2 0
github.com/konflux-ci-forks/operator-sdk-builder/bundle-tool/pkg/bundle/analyzer.go:163.3,163.41 1 0
github.com/konflux-ci-forks/operator-sdk-builder/bundle-tool/pkg/bundle/analyzer.go:166.2,166.23 1 0
github.com/konflux-ci-forks/operator-sdk-builder/bundle-tool/pkg/bundle/analyzer.go:169.121,174.54 2 1
github.com/konflux-ci-forks/operator-sdk-builder/bundle-tool/pkg/bundle/analyzer.go:174.54,176.3 1 0
github.com/konflux-ci-forks/operator-sdk-builder/bundle-tool/pkg/bundle/analyzer.go:179.2,179.41 1 1
github.com/konflux-ci-forks/operator-sdk-builder/bundle-tool/pkg/bundle/analyzer.go:179.41,181.3 1 0
github.com/konflux-ci-forks/operator-sdk-builder/bundle-tool/pkg/bundle/analyzer.go:184.2,185.16 2 1
github.com/konflux-ci-forks/operator-sdk-builder/bundle-tool/pkg/bundle/analyzer.go:185.16,188.3 1 0
github.com/konflux-ci-forks/operator-sdk-builder/bundle-tool/pkg/bundle/analyzer.go:190.2,190.58 1 1
github.com/konflux-ci-forks/operator-sdk-builder/bundle-tool/pkg/bundle/analyzer.go:193.94,197.27 3 1
github.com/konflux-ci-forks/operator-sdk-builder/bundle-tool/pkg/bundle/analyzer.go:197.27,199.22 1 1
github.com/konflux-ci-forks/operator-sdk-builder/bundle-tool/pkg/bundle/analyzer.go:199.22,200.12 1 1
github.com/konflux-ci-forks/operator-sdk-builder/bundle-tool/pkg/bundle/analyzer.go:203.3,204.17 2 1
github.com/konflux-ci-forks/operator-sdk-builder/bundle-tool/pkg/bundle/analyzer.go:204.17,207.4 2 1
github.com/konflux-ci-forks/operator-sdk-builder/bundle-tool/pkg/bundle/analyzer.go:210.2,210.15 1 1
github.com/konflux-ci-forks/operator-sdk-builder/bundle-tool/pkg/bundle/analyzer.go:213.43,223.83 6 1
github.com/konflux-ci-forks/operator-sdk-builder/bundle-tool/pkg/bundle/analyzer.go:223.83,225.3 1 1
github.com/konflux-ci-forks/operator-sdk-builder/bundle-tool/pkg/bundle/analyzer.go:227.2,227.37 1 1
github.com/konflux-ci-forks/operator-sdk-builder/bundle-tool/pkg/bundle/analyzer.go:230.121,233.22 2 0
github.com/konflux-ci-forks/operator-sdk-builder/bundle-tool/pkg/bundle/analyzer.go:234.33,236.65 2 0
github.com/konflux-ci-forks/operator-sdk-builder/bundle-tool/pkg/bundle/analyzer.go:236.65,238.4 1 0
github.com/konflux-ci-forks/operator-sdk-builder/bundle-tool/pkg/bundle/analyzer.go:240.3,240.41 1 0
github.com/konflux-ci-forks/operator-sdk-builder/bundle-tool/pkg/bundle/analyzer.go:240.41,245.4 1 0
github.com/konflux-ci-forks/operator-sdk-builder/bundle-tool/pkg/bundle/analyzer.go:247.62,254.65 2 0
github.com/konflux-ci-forks/operator-sdk-builder/bundle-tool/pkg/bundle/analyzer.go:254.65,256.4 1 0
github.com/konflux-ci-forks/operator-sdk-builder/bundle-tool/pkg/bundle/analyzer.go:258.3,258.41 1 0
github.com/konflux-ci-forks/operator-sdk-builder/bundle-tool/pkg/bundle/analyzer.go:258.41,263.4 1 0
github.com/konflux-ci-forks/operator-sdk-builder/bundle-tool/pkg/bundle/analyzer.go:265.10,266.72 1 0
github.com/konflux-ci-forks/operator-sdk-builder/bundle-tool/pkg/bundle/analyzer.go:269.2,269.24 1 0
github.com/konflux-ci-forks/operator-sdk-builder/bundle-tool/pkg/bundle/analyzer.go:273.118,280.16 4 1
github.com/konflux-ci-forks/operator-sdk-builder/bundle-tool/pkg/bundle/analyzer.go:280.16,282.3 1 0
github.com/konflux-ci-forks/operator-sdk-builder/bundle-tool/pkg/bundle/analyzer.go:285.2,286.16 2 1
github.com/konflux-ci-forks/operator-sdk-builder/bundle-tool/pkg/bundle/analyzer.go:286.16,288.3 1 0
github.com/konflux-ci-forks/operator-sdk-builder/bundle-tool/pkg/bundle/analyzer.go:290.2,290.25 1 1
github.com/konflux-ci-forks/operator-sdk-builder/bundle-tool/pkg/bundle/analyzer.go:294.122,297.16 2 1
github.com/konflux-ci-forks/operator-sdk-builder/bundle-tool/pkg/bundle/analyzer.go:297.16,299.3 1 0
github.com/konflux-ci-forks/operator-sdk-builder/bundle-tool/pkg/bundle/analyzer.go:301.2,304.39 2 1
github.com/konflux-ci-forks/operator-sdk-builder/bundle-tool/pkg/bundle/analyzer.go:304.39,309.17 3 1
github.com/konflux-ci-forks/operator-sdk-builder/bundle-tool/pkg/bundle/analyzer.go:309.17,312.22 2 0
github.com/konflux-ci-forks/operator-sdk-builder/bundle-tool/pkg/bundle/analyzer.go:312.22,315.55 2 0
github.com/konflux-ci-forks/operator-sdk-builder/bundle-tool/pkg/bundle/analyzer.go:315.55,317.6 1 0
github.com/konflux-ci-forks/operator-sdk-builder/bundle-tool/pkg/bundle/analyzer.go:317.11,317.62 1 0
github.com/konflux-ci-forks/operator-sdk-builder/bundle-tool/pkg/bundle/analyzer.go:317.62,319.6 1 0
github.com/konflux-ci-forks/operator-sdk-builder/bundle-tool/pkg/bundle/analyzer.go:319.11,321.6 1 0
github.com/konflux-ci-forks/operator-sdk-builder/bundle-tool/pkg/bundle/analyzer.go:325.3,325.17 1 1
github.com/konflux-ci-forks/operator-sdk-builder/bundle-tool/pkg/bundle/analyzer.go:325.17,327.4 1 0
github.com/konflux-ci-forks/operator-sdk-builder/bundle-tool/pkg/bundle/analyzer.go:329.3,333.5 1 1
github.com/konflux-ci-forks/operator-sdk-builder/bundle-tool/pkg/bundle/analyzer.go:336.2,336.23 1 1
github.com/konflux-ci-forks/operator-sdk-builder/bundle-tool/pkg/bundle/analyzer.go:340.98,342.54 2 0
github.com/konflux-ci-forks/operator-sdk-builder/bundle-tool/pkg/bundle/analyzer.go:342.54,344.3 1 0
github.com/konflux-ci-forks/operator-sdk-builder/bundle-tool/pkg/bundle/analyzer.go:346.2,349.54 2 0
github.com/konflux-ci-forks/operator-sdk-builder/bundle-tool/pkg/bundle/analyzer.go:349.54,350.31 1 0
github.com/konflux-ci-forks/operator-sdk-builder/bundle-tool/pkg/bundle/analyzer.go:350.31,356.4 1 0
github.com/konflux-ci-forks/operator-sdk-builder/bundle-tool/pkg/bundle/analyzer.go:360.2,360.63 1 0
github.com/konflux-ci-forks/operator-sdk-builder/bundle-tool/pkg/bundle/analyzer.go:360.63,361.70 1 0
github.com/konflux-ci-forks/operator-sdk-builder/bundle-tool/pkg/bundle/analyzer.go:361.70,362.29 1 0
github.com/konflux-ci-forks/operator-sdk-builder/bundle-tool/pkg/bundle/analyzer.go:362.29,364.19 2 0
github.com/konflux-ci-forks/operator-sdk-builder/bundle-tool/pkg/bundle/analyzer.go:364.19,366.6 1 0
github.com/konflux-ci-forks/operator-sdk-builder/bundle-tool/pkg/bundle/analyzer.go:367.5,371.7 1 0
github.com/konflux-ci-forks/operator-sdk-builder/bundle-tool/pkg/bundle/analyzer.go:374.3,374.78 1 0
github.com/konflux-ci-forks/operator-sdk-builder/bundle-tool/pkg/bundle/analyzer.go:374.78,375.33 1 0
github.com/konflux-ci-forks/operator-sdk-builder/bundle-tool/pkg/bundle/analyzer.go:375.33,377.19 2 0
github.com/konflux-ci-forks/operator-sdk-builder/bundle-tool/pkg/bundle/analyzer.go:377.19,379.6 1 0
github.com/konflux-ci-forks/operator-sdk-builder/bundle-tool/pkg/bundle/analyzer.go:380.5,384.7 1 0
github.com/konflux-ci-forks/operator-sdk-builder/bundle-tool/pkg/bundle/analyzer.go:389.2,389.23 1 0
github.com/konflux-ci-forks/operator-sdk-builder/bundle-tool/pkg/bundle/analyzer.go:392.41,393.41 1 1
github.com/konflux-ci-forks/operator-sdk-builder/bundle-tool/pkg/bundle/analyzer.go:393.41,396.54 2 1
github.com/konflux-ci-forks/operator-sdk-builder/bundle-tool/pkg/bundle/analyzer.go:396.54,399.44 2 1
github.com/konflux-ci-forks/operator-sdk-builder/bundle-tool/pkg/bundle/analyzer.go:399.44,401.5 1 1
github.com/konflux-ci-forks/operator-sdk-builder/bundle-tool/pkg/bundle/analyzer.go:404.2,404.11 1 1
github.com/konflux-ci-forks/operator-sdk-builder/bundle-tool/cmd/generate-related-images.go:26.54,36.17 8 1
github.com/konflux-ci-forks/operator-sdk-builder/bundle-tool/cmd/generate-related-images.go:36.17,38.4 1 1
github.com/konflux-ci-forks/operator-sdk-builder/bundle-tool/cmd/generate-related-images.go:40.3,40.19 1 1
github.com/konflux-ci-forks/operator-sdk-builder/bundle-tool/cmd/generate-related-images.go:40.19,43.59 2 1
github.com/konflux-ci-forks/operator-sdk-builder/bundle-tool/cmd/generate-related-images.go:43.59,45.5 1 1
github.com/konflux-ci-forks/operator-sdk-builder/bundle-tool/cmd/generate-related-images.go:46.4,46.25 1 1
github.com/konflux-ci-forks/operator-sdk-builder/bundle-tool/cmd/generate-related-images.go:47.9,50.4 1 0
github.com/konflux-ci-forks/operator-sdk-builder/bundle-tool/cmd/generate-related-images.go:52.3,56.17 3 1
github.com/konflux-ci-forks/operator-sdk-builder/bundle-tool/cmd/generate-related-images.go:56.17,58.4 1 1
github.com/konflux-ci-forks/operator-sdk-builder/bundle-tool/cmd/generate-related-images.go:60.3,60.21 1 1
github.com/konflux-ci-forks/operator-sdk-builder/bundle-tool/cmd/generate-related-images.go:60.21,62.4 1 0
github.com/konflux-ci-forks/operator-sdk-builder/bundle-tool/cmd/generate-related-images.go:64.3,64.20 1 1
github.com/konflux-ci-forks/operator-sdk-builder/bundle-tool/cmd/generate-related-images.go:64.20,66.4 1 0
github.com/konflux-ci-forks/operator-sdk-builder/bundle-tool/cmd/generate-related-images.go:68.3,72.17 3 1
github.com/konflux-ci-forks/operator-sdk-builder/bundle-tool/cmd/generate-related-images.go:72.17,74.4 1 0
github.com/konflux-ci-forks/operator-sdk-builder/bundle-tool/cmd/generate-related-images.go:76.3,76.26 1 1
github.com/konflux-ci-forks/operator-sdk-builder/bundle-tool/cmd/generate-related-images.go:76.26,79.4 2 1
github.com/konflux-ci-forks/operator-sdk-builder/bundle-tool/cmd/generate-related-images.go:81.3,85.32 3 1
github.com/konflux-ci-forks/operator-sdk-builder/bundle-tool/cmd/generate-related-images.go:85.32,90.4 1 1
github.com/konflux-ci-forks/operator-sdk-builder/bundle-tool/cmd/generate-related-images.go:93.3,96.65 3 1
github.com/konflux-ci-forks/operator-sdk-builder/bundle-tool/cmd/generate-related-images.go:96.65,101.30 3 0
github.com/konflux-ci-forks/operator-sdk-builder/bundle-tool/cmd/generate-related-images.go:101.30,102.76 1 0
github.com/konflux-ci-forks/operator-sdk-builder/bundle-tool/cmd/generate-related-images.go:102.76,104.6 1 0
github.com/konflux-ci-forks/operator-sdk-builder/bundle-tool/cmd/generate-related-images.go:105.10,107.23 1 0
github.com/konflux-ci-forks/operator-sdk-builder/bundle-tool/cmd/generate-related-images.go:107.23,108.61 1 0
github.com/konflux-ci-forks/operator-sdk-builder/bundle-tool/cmd/generate-related-images.go:108.61,110.7 1 0
github.com/konflux-ci-forks/operator-sdk-builder/bundle-tool/cmd/generate-related-images.go:114.5,114.23 1 0
github.com/konflux-ci-forks/operator-sdk-builder/bundle-tool/cmd/generate-related-images.go:114.23,115.61 1 0
github.com/konflux-ci-forks/operator-sdk-builder/bundle-tool/cmd/generate-related-images.go:115.61,117.7 1 0
github.com/konflux-ci-forks/operator-sdk-builder/bundle-tool/cmd/generate-related-images.go:123.3,124.22 2 1
github.com/konflux-ci-forks/operator-sdk-builder/bundle-tool/cmd/generate-related-images.go:124.22,127.18 3 0
github.com/konflux-ci-forks/operator-sdk-builder/bundle-tool/cmd/generate-related-images.go:127.18,129.5 1 0
github.com/konflux-ci-forks/operator-sdk-builder/bundle-tool/cmd/generate-related-images.go:130.9,133.4 1 1
github.com/konflux-ci-forks/operator-sdk-builder/bundle-tool/cmd/generate-related-images.go:136.3,139.22 3 1
github.com/konflux-ci-forks/operator-sdk-builder/bundle-tool/cmd/generate-related-images.go:139.22,143.35 2 0
github.com/konflux-ci-forks/operator-sdk-builder/bundle-tool/cmd/generate-related-images.go:143.35,144.69 1 0
github.com/konflux-ci-forks/operator-sdk-builder/bundle-tool/cmd/generate-related-images.go:144.69,149.6 1 0
github.com/konflux-ci-forks/operator-sdk-builder/bundle-tool/cmd/generate-related-images.go:151.9,153.4 1 1
github.com/konflux-ci-forks/operator-sdk-builder/bundle-tool/cmd/generate-related-images.go:156.3,157.17 2 1
github.com/konflux-ci-forks/operator-sdk-builder/bundle-tool/cmd/generate-related-images.go:157.17,159.4 1 0
github.com/konflux-ci-forks/operator-sdk-builder/bundle-tool/cmd/generate-related-images.go:162.3,162.23 1 1
github.com/konflux-ci-forks/operator-sdk-builder/bundle-tool/cmd/generate-related-images.go:162.23,164.35 2 0
github.com/konflux-ci-forks/operator-sdk-builder/bundle-tool/cmd/generate-related-images.go:164.35,166.5 1 0
github.com/konflux-ci-forks/operator-sdk-builder/bundle-tool/cmd/generate-related-images.go:169.4,169.35 1 0
github.com/konflux-ci-forks/operator-sdk-builder/bundle-tool/cmd/generate-related-images.go:169.35,171.34 1 0
github.com/konflux-ci-forks/operator-sdk-builder/bundle-tool/cmd/generate-related-images.go:171.34,172.40 1 0
github.com/konflux-ci-forks/operator-sdk-builder/bundle-tool/cmd/generate-related-images.go:172.40,176.12 3 0
github.com/konflux-ci-forks/operator-sdk-builder/bundle-tool/cmd/generate-related-images.go:182.4,183.18 2 0
github.com/konflux-ci-forks/operator-sdk-builder/bundle-tool/cmd/generate-related-images.go:183.18,185.5 1 0
github.com/konflux-ci-forks/operator-sdk-builder/bundle-tool/cmd/generate-related-images.go:186.9,188.15 2 1
github.com/konflux-ci-forks/operator-sdk-builder/bundle-tool/cmd/generate-related-images.go:188.15,190.5 1 1
github.com/konflux-ci-forks/operator-sdk-builder/bundle-tool/cmd/generate-related-images.go:193.3,193.13 1 0
github.com/konflux-ci-forks/operator-sdk-builder/bundle-tool/cmd/generate-related-images.go:193.13,196.4 2 0
github.com/konflux-ci-forks/operator-sdk-builder/bundle-tool/cmd/generate-related-images.go:199.3,200.17 2 0
github.com/konflux-ci-forks/operator-sdk-builder/bundle-tool/cmd/generate-related-images.go:200.17,202.4 1 0
github.com/konflux-ci-forks/operator-sdk-builder/bundle-tool/cmd/generate-related-images.go:204.3,205.13 2 0
github.com/konflux-ci-forks/operator-sdk-builder/bundle-tool/cmd/generate-related-images.go:215.13,222.2 5 1
github.com/konflux-ci-forks/operator-sdk-builder/bundle-tool/cmd/main.go:20.13,21.42 1 0
github.com/konflux-ci-forks/operator-sdk-builder/bundle-tool/cmd/main.go:21.42,24.3 2 0
github.com/konflux-ci-forks/operator-sdk-builder/bundle-tool/cmd/snapshot.go:22.54,33.17 9 0
github.com/konflux-ci-forks/operator-sdk-builder/bundle-tool/cmd/snapshot.go:33.17,35.4 1 0
github.com/konflux-ci-forks/operator-sdk-builder/bundle-tool/cmd/snapshot.go:37.3,43.29 3 0
github.com/konflux-ci-forks/operator-sdk-builder/bundle-tool/cmd/snapshot.go:43.29,44.75 1 0
github.com/konflux-ci-forks/operator-sdk-builder/bundle-tool/cmd/snapshot.go:44.75,46.5 1 0
github.com/konflux-ci-forks/operator-sdk-builder/bundle-tool/cmd/snapshot.go:47.9,49.22 1 0
github.com/konflux-ci-forks/operator-sdk-builder/bundle-tool/cmd/snapshot.go:49.22,50.60 1 0
github.com/konflux-ci-forks/operator-sdk-builder/bundle-tool/cmd/snapshot.go:50.60,52.6 1 0
github.com/konflux-ci-forks/operator-sdk-builder/bundle-tool/cmd/snapshot.go:56.4,56.22 1 0
github.com/konflux-ci-forks/operator-sdk-builder/bundle-tool/cmd/snapshot.go:56.22,57.60 1 0
github.com/konflux-ci-forks/operator-sdk-builder/bundle-tool/cmd/snapshot.go:57.60,59.6 1 0
github.com/konflux-ci-forks/operator-sdk-builder/bundle-tool/cmd/snapshot.go:64.3,65.17 2 0
github.com/konflux-ci-forks/operator-sdk-builder/bundle-tool/cmd/snapshot.go:65.17,67.4 1 0
github.com/konflux-ci-forks/operator-sdk-builder/bundle-tool/cmd/snapshot.go:70.3,71.23 2 0
github.com/konflux-ci-forks/operator-sdk-builder/bundle-tool/cmd/snapshot.go:71.23,77.18 5 0
github.com/konflux-ci-forks/operator-sdk-builder/bundle-tool/cmd/snapshot.go:77.18,79.5 1 0
github.com/konflux-ci-forks/operator-sdk-builder/bundle-tool/cmd/snapshot.go:81.4,81.108 1 0
github.com/konflux-ci-forks/operator-sdk-builder/bundle-tool/cmd/snapshot.go:85.3,87.36 3 0
github.com/konflux-ci-forks/operator-sdk-builder/bundle-tool/cmd/snapshot.go:87.36,90.22 3 0
github.com/konflux-ci-forks/operator-sdk-builder/bundle-tool/cmd/snapshot.go:90.22,92.5 1 0
github.com/konflux-ci-forks/operator-sdk-builder/bundle-tool/cmd/snapshot.go:93.4,93.24 1 0
github.com/konflux-ci-forks/operator-sdk-builder/bundle-tool/cmd/snapshot.go:93.24,95.5 1 0
github.com/konflux-ci-forks/operator-sdk-builder/bundle-tool/cmd/snapshot.go:98.4,98.54 1 0
github.com/konflux-ci-forks/operator-sdk-builder/bundle-tool/cmd/snapshot.go:98.54,101.30 3 0
github.com/konflux-ci-forks/operator-sdk-builder/bundle-tool/cmd/snapshot.go:101.30,103.6 1 0
github.com/konflux-ci-forks/operator-sdk-builder/bundle-tool/cmd/snapshot.go:104.5,104.32 1 0
github.com/konflux-ci-forks/operator-sdk-builder/bundle-tool/cmd/snapshot.go:104.32,106.6 1 0
github.com/konflux-ci-forks/operator-sdk-builder/bundle-tool/cmd/snapshot.go:107.5,107.25 1 0
github.com/konflux-ci-forks/operator-sdk-builder/bundle-tool/cmd/snapshot.go:107.25,109.6 1 0
github.com/konflux-ci-forks/operator-sdk-builder/bundle-tool/cmd/snapshot.go:111.4,111.17 1 0
github.com/konflux-ci-forks/operator-sdk-builder/bundle-tool/cmd/snapshot.go:115.3,120.17 5 0
github.com/konflux-ci-forks/operator-sdk-builder/bundle-tool/cmd/snapshot.go:120.17,122.4 1 0
github.com/konflux-ci-forks/operator-sdk-builder/bundle-tool/cmd/snapshot.go:125.3,126.69 2 0
github.com/konflux-ci-forks/operator-sdk-builder/bundle-tool/cmd/snapshot.go:126.69,128.4 1 0
github.com/konflux-ci-forks/operator-sdk-builder/bundle-tool/cmd/snapshot.go:131.3,132.17 2 0
github.com/konflux-ci-forks/operator-sdk-builder/bundle-tool/cmd/snapshot.go:132.17,134.4 1 0
github.com/konflux-ci-forks/operator-sdk-builder/bundle-tool/cmd/snapshot.go:137.3,137.23 1 0
github.com/konflux-ci-forks/operator-sdk-builder/bundle-tool/cmd/snapshot.go:137.23,138.69 1 0
github.com/konflux-ci-forks/operator-sdk-builder/bundle-tool/cmd/snapshot.go:138.69,140.5 1 0
github.com/konflux-ci-forks/operator-sdk-builder/bundle-tool/cmd/snapshot.go:141.4,141.55 1 0
github.com/konflux-ci-forks/operator-sdk-builder/bundle-tool/cmd/snapshot.go:142.9,146.4 3 0
github.com/konflux-ci-forks/operator-sdk-builder/bundle-tool/cmd/snapshot.go:148.3,148.13 1 0
github.com/konflux-ci-forks/operator-sdk-builder/bundle-tool/cmd/snapshot.go:153.58,155.57 1 0
github.com/konflux-ci-forks/operator-sdk-builder/bundle-tool/cmd/snapshot.go:155.57,157.3 1 0
github.com/konflux-ci-forks/operator-sdk-builder/bundle-tool/cmd/snapshot.go:160.2,161.21 2 0
github.com/konflux-ci-forks/operator-sdk-builder/bundle-tool/cmd/snapshot.go:161.21,163.3 1 0
github.com/konflux-ci-forks/operator-sdk-builder/bundle-tool/cmd/snapshot.go:166.2,169.53 2 0
github.com/konflux-ci-forks/operator-sdk-builder/bundle-tool/cmd/snapshot.go:169.53,171.3 1 0
github.com/konflux-ci-forks/operator-sdk-builder/bundle-tool/cmd/snapshot.go:172.2,172.53 1 0
github.com/konflux-ci-forks/operator-sdk-builder/bundle-tool/cmd/snapshot.go:172.53,174.3 1 0
github.com/konflux-ci-forks/operator-sdk-builder/bundle-tool/cmd/snapshot.go:177.2,183.30 5 0
github.com/konflux-ci-forks/operator-sdk-builder/bundle-tool/cmd/snapshot.go:183.30,184.102 1 0
github.com/konflux-ci-forks/operator-sdk-builder/bundle-tool/cmd/snapshot.go:184.102,186.4 1 0
github.com/konflux-ci-forks/operator-sdk-builder/bundle-tool/cmd/snapshot.go:189.2,190.18 2 0
github.com/konflux-ci-forks/operator-sdk-builder/bundle-tool/cmd/snapshot.go:190.18,192.3 1 0
github.com/konflux-ci-forks/operator-sdk-builder/bundle-tool/cmd/snapshot.go:194.2,194.15 1 0
github.com/konflux-ci-forks/operator-sdk-builder/bundle-tool/cmd/snapshot.go:197.13,205.2 6 1
github.com/konflux-ci-forks/operator-sdk-builder/bundle-tool/pkg/resolver/resolver.go:53.40,58.2 1 1
github.com/konflux-ci-forks/operator-sdk-builder/bundle-tool/pkg/resolver/resolver.go:61.58,63.16 2 1
github.com/konflux-ci-forks/operator-sdk-builder/bundle-tool/pkg/resolver/resolver.go:63.16,65.3 1 0
github.com/konflux-ci-forks/operator-sdk-builder/bundle-tool/pkg/resolver/resolver.go:67.2,68.52 2 1
github.com/konflux-ci-forks/operator-sdk-builder/bundle-tool/pkg/resolver/resolver.go:68.52,70.3 1 0
github.com/konflux-ci-forks/operator-sdk-builder/bundle-tool/pkg/resolver/resolver.go:72.2,72.45 1 1
github.com/konflux-ci-forks/operator-sdk-builder/bundle-tool/pkg/resolver/resolver.go:72.45,74.3 1 0
github.com/konflux-ci-forks/operator-sdk-builder/bundle-tool/pkg/resolver/resolver.go:76.2,77.12 2 1
github.com/konflux-ci-forks/operator-sdk-builder/bundle-tool/pkg/resolver/resolver.go:81.58,83.16 2 1
github.com/konflux-ci-forks/operator-sdk-builder/bundle-tool/pkg/resolver/resolver.go:83.16,85.3 1 0
github.com/konflux-ci-forks/operator-sdk-builder/bundle-tool/pkg/resolver/resolver.go:87.2,88.52 2 1
github.com/konflux-ci-forks/operator-sdk-builder/bundle-tool/pkg/resolver/resolver.go:88.52,90.3 1 0
github.com/konflux-ci-forks/operator-sdk-builder/bundle-tool/pkg/resolver/resolver.go:92.2,92.41 1 1
github.com/konflux-ci-forks/operator-sdk-builder/bundle-tool/pkg/resolver/resolver.go:92.41,94.3 1 0
github.com/konflux-ci-forks/operator-sdk-builder/bundle-tool/pkg/resolver/resolver.go:96.2,97.12 2 1
github.com/konflux-ci-forks/operator-sdk-builder/bundle-tool/pkg/resolver/resolver.go:101.66,103.16 2 1
github.com/konflux-ci-forks/operator-sdk-builder/bundle-tool/pkg/resolver/resolver.go:103.16,105.3 1 0
github.com/konflux-ci-forks/operator-sdk-builder/bundle-tool/pkg/resolver/resolver.go:108.2,111.57 2 1
github.com/konflux-ci-forks/operator-sdk-builder/bundle-tool/pkg/resolver/resolver.go:111.57,113.3 1 0
github.com/konflux-ci-forks/operator-sdk-builder/bundle-tool/pkg/resolver/resolver.go:115.2,115.24 1 1
github.com/konflux-ci-forks/operator-sdk-builder/bundle-tool/pkg/resolver/resolver.go:116.34,117.31 1 1
github.com/konflux-ci-forks/operator-sdk-builder/bundle-tool/pkg/resolver/resolver.go:118.30,119.31 1 1
github.com/konflux-ci-forks/operator-sdk-builder/bundle-tool/pkg/resolver/resolver.go:120.10,121.150 1 1
github.com/konflux-ci-forks/operator-sdk-builder/bundle-tool/pkg/resolver/resolver.go:126.117,129.32 2 1
github.com/konflux-ci-forks/operator-sdk-builder/bundle-tool/pkg/resolver/resolver.go:129.32,133.62 2 1
github.com/konflux-ci-forks/operator-sdk-builder/bundle-tool/pkg/resolver/resolver.go:133.62,135.4 1 1
github.com/konflux-ci-forks/operator-sdk-builder/bundle-tool/pkg/resolver/resolver.go:135.9,135.69 1 1
github.com/konflux-ci-forks/operator-sdk-builder/bundle-tool/pkg/resolver/resolver.go:135.69,138.4 1 1
github.com/konflux-ci-forks/operator-sdk-builder/bundle-tool/pkg/resolver/resolver.go:140.3,140.51 1 1
github.com/konflux-ci-forks/operator-sdk-builder/bundle-tool/pkg/resolver/resolver.go:143.2,143.26 1 1
github.com/konflux-ci-forks/operator-sdk-builder/bundle-tool/pkg/resolver/resolver.go:147.74,148.41 1 1
github.com/konflux-ci-forks/operator-sdk-builder/bundle-tool/pkg/resolver/resolver.go:148.41,149.62 1 1
github.com/konflux-ci-forks/operator-sdk-builder/bundle-tool/pkg/resolver/resolver.go:149.62,150.97 1 1
github.com/konflux-ci-forks/operator-sdk-builder/bundle-tool/pkg/resolver/resolver.go:150.97,152.5 1 1
github.com/konflux-ci-forks/operator-sdk-builder/bundle-tool/pkg/resolver/resolver.go:155.2,155.24 1 1
github.com/konflux-ci-forks/operator-sdk-builder/bundle-tool/pkg/resolver/resolver.go:159.74,160.41 1 1
github.com/konflux-ci-forks/operator-sdk-builder/bundle-tool/pkg/resolver/resolver.go:160.41,161.57 1 1
github.com/konflux-ci-forks/operator-sdk-builder/bundle-tool/pkg/resolver/resolver.go:161.57,162.97 1 1
github.com/konflux-ci-forks/operator-sdk-builder/bundle-tool/pkg/resolver/resolver.go:162.97,164.5 1 1
github.com/konflux-ci-forks/operator-sdk-builder/bundle-tool/pkg/resolver/resolver.go:167.2,167.24 1 1
github.com/konflux-ci-forks/operator-sdk-builder/bundle-tool/pkg/resolver/resolver.go:171.100,174.20 2 1
github.com/konflux-ci-forks/operator-sdk-builder/bundle-tool/pkg/resolver/resolver.go:174.20,176.3 1 0
github.com/konflux-ci-forks/operator-sdk-builder/bundle-tool/pkg/resolver/resolver.go:178.2,182.24 3 1
github.com/konflux-ci-forks/operator-sdk-builder/bundle-tool/pkg/resolver/resolver.go:182.24,183.23 1 1
github.com/konflux-ci-forks/operator-sdk-builder/bundle-tool/pkg/resolver/resolver.go:183.23,186.4 1 1
github.com/konflux-ci-forks/operator-sdk-builder/bundle-tool/pkg/resolver/resolver.go:190.2,192.37 2 1
github.com/konflux-ci-forks/operator-sdk-builder/bundle-tool/pkg/resolver/resolver.go:192.37,194.3 1 1
github.com/konflux-ci-forks/operator-sdk-builder/bundle-tool/pkg/resolver/resolver.go:194.8,194.44 1 1
github.com/konflux-ci-forks/operator-sdk-builder/bundle-tool/pkg/resolver/resolver.go:194.44,196.3 1 1
github.com/konflux-ci-forks/operator-sdk-builder/bundle-tool/pkg/resolver/resolver.go:197.2,199.41 2 1
github.com/konflux-ci-forks/operator-sdk-builder/bundle-tool/pkg/resolver/resolver.go:199.41,200.23 1 1
github.com/konflux-ci-forks/operator-sdk-builder/bundle-tool/pkg/resolver/resolver.go:200.23,207.41 4 1
github.com/konflux-ci-forks/operator-sdk-builder/bundle-tool/pkg/resolver/resolver.go:207.41,210.30 2 1
github.com/konflux-ci-forks/operator-sdk-builder/bundle-tool/pkg/resolver/resolver.go:210.30,212.6 1 1
github.com/konflux-ci-forks/operator-sdk-builder/bundle-tool/pkg/resolver/resolver.go:213.10,213.48 1 1
github.com/konflux-ci-forks/operator-sdk-builder/bundle-tool/pkg/resolver/resolver.go:213.48,216.27 2 1
github.com/konflux-ci-forks/operator-sdk-builder/bundle-tool/pkg/resolver/resolver.go:216.27,218.6 1 1
github.com/konflux-ci-forks/operator-sdk-builder/bundle-tool/pkg/resolver/resolver.go:221.4,221.23 1 1
github.com/konflux-ci-forks/operator-sdk-builder/bundle-tool/pkg/resolver/resolver.go:221.23,223.5 1 1
github.com/konflux-ci-forks/operator-sdk-builder/bundle-tool/pkg/resolver/resolver.go:223.10,225.5 1 0
github.com/konflux-ci-forks/operator-sdk-builder/bundle-tool/pkg/resolver/resolver.go:229.2,229.24 1 1
github.com/konflux-ci-forks/operator-sdk-builder/bundle-tool/pkg/resolver/resolver.go:233.69,240.2 1 1
github.com/konflux-ci-forks/operator-sdk-builder/bundle-tool/pkg/resolver/resolver.go:242.49,244.41 2 1
github.com/konflux-ci-forks/operator-sdk-builder/bundle-tool/pkg/resolver/resolver.go:244.41,246.3 1 0
github.com/konflux-ci-forks/operator-sdk-builder/bundle-tool/pkg/resolver/resolver.go:247.2,247.14 1 1
github.com/konflux-ci-forks/operator-sdk-builder/bundle-tool/pkg/resolver/resolver.go:250.49,252.41 2 1
github.com/konflux-ci-forks/operator-sdk-builder/bundle-tool/pkg/resolver/resolver.go:252.41,254.3 1 1
github.com/konflux-ci-forks/operator-sdk-builder/bundle-tool/pkg/resolver/resolver.go:255.2,255.14 1 1
github.com/konflux-ci-forks/operator-sdk-builder/bundle-tool/pkg/snapshot/generator.go:55.73,60.2 1 1
github.com/konflux-ci-forks/operator-sdk-builder/bundle-tool/pkg/snapshot/generator.go:67.29,94.32 4 1
github.com/konflux-ci-forks/operator-sdk-builder/bundle-tool/pkg/snapshot/generator.go:94.32,101.66 2 1
github.com/konflux-ci-forks/operator-sdk-builder/bundle-tool/pkg/snapshot/generator.go:101.66,103.29 2 1
github.com/konflux-ci-forks/operator-sdk-builder/bundle-tool/pkg/snapshot/generator.go:103.29,110.5 1 1
github.com/konflux-ci-forks/operator-sdk-builder/bundle-tool/pkg/snapshot/generator.go:113.3,113.73 1 1
github.com/konflux-ci-forks/operator-sdk-builder/bundle-tool/pkg/snapshot/generator.go:116.2,116.22 1 1
github.com/konflux-ci-forks/operator-sdk-builder/bundle-tool/pkg/snapshot/generator.go:120.86,122.16 2 1
github.com/konflux-ci-forks/operator-sdk-builder/bundle-tool/pkg/snapshot/generator.go:122.16,128.54 3 0
github.com/konflux-ci-forks/operator-sdk-builder/bundle-tool/pkg/snapshot/generator.go:128.54,130.4 1 0
github.com/konflux-ci-forks/operator-sdk-builder/bundle-tool/pkg/snapshot/generator.go:131.3,131.54 1 0
github.com/konflux-ci-forks/operator-sdk-builder/bundle-tool/pkg/snapshot/generator.go:131.54,133.4 1 0
github.com/konflux-ci-forks/operator-sdk-builder/bundle-tool/pkg/snapshot/generator.go:135.3,135.19 1 0
github.com/konflux-ci-forks/operator-sdk-builder/bundle-tool/pkg/snapshot/generator.go:139.2,145.25 5 1
github.com/konflux-ci-forks/operator-sdk-builder/bundle-tool/pkg/snapshot/generator.go:145.25,146.97 1 1
github.com/konflux-ci-forks/operator-sdk-builder/bundle-tool/pkg/snapshot/generator.go:146.97,148.4 1 1
github.com/konflux-ci-forks/operator-sdk-builder/bundle-tool/pkg/snapshot/generator.go:151.2,152.18 2 1
github.com/konflux-ci-forks/operator-sdk-builder/bundle-tool/pkg/snapshot/generator.go:152.18,154.3 1 0
github.com/konflux-ci-forks/operator-sdk-builder/bundle-tool/pkg/snapshot/generator.go:157.2,158.18 2 1
github.com/konflux-ci-forks/operator-sdk-builder/bundle-tool/pkg/snapshot/generator.go:158.18,160.3 1 0
github.com/konflux-ci-forks/operator-sdk-builder/bundle-tool/pkg/snapshot/generator.go:162.2,162.15 1 1
github.com/konflux-ci-forks/operator-sdk-builder/bundle-tool/pkg/snapshot/generator.go:166.71,168.46 1 1
github.com/konflux-ci-forks/operator-sdk-builder/bundle-tool/pkg/snapshot/generator.go:168.46,170.3 1 0
github.com/konflux-ci-forks/operator-sdk-builder/bundle-tool/pkg/snapshot/generator.go:173.2,173.61 1 1
github.com/konflux-ci-forks/operator-sdk-builder/bundle-tool/pkg/snapshot/generator.go:173.61,175.3 1 1
github.com/konflux-ci-forks/operator-sdk-builder/bundle-tool/pkg/snapshot/generator.go:177.2,177.53 1 0
github.com/konflux-ci-forks/operator-sdk-builder/bundle-tool/pkg/snapshot/generator.go:177.53,179.3 1 0
github.com/konflux-ci-forks/operator-sdk-builder/bundle-tool/pkg/snapshot/generator.go:181.2,181.22 1 0
github.com/konflux-ci-forks/operator-sdk-builder/bundle-tool/pkg/snapshot/generator.go:185.80,187.2 1 0
github.com/konflux-ci-forks/operator-sdk-builder/bundle-tool/pkg/snapshot/generator.go:190.79,194.53 3 1
github.com/konflux-ci-forks/operator-sdk-builder/bundle-tool/pkg/snapshot/generator.go:194.53,196.17 2 1
github.com/konflux-ci-forks/operator-sdk-builder/bundle-tool/pkg/snapshot/generator.go:196.17,199.4 2 1
github.com/konflux-ci-forks/operator-sdk-builder/bundle-tool/pkg/snapshot/generator.go:202.2,202.45 1 1
github.com/konflux-ci-forks/operator-sdk-builder/bundle-tool/pkg/snapshot/generator.go:206.80,207.34 1 1
github.com/konflux-ci-forks/operator-sdk-builder/bundle-tool/pkg/snapshot/generator.go:207.34,209.3 1 1
github.com/konflux-ci-forks/operator-sdk-builder/bundle-tool/pkg/snapshot/generator.go:211.2,211.37 1 1
github.com/konflux-ci-forks/operator-sdk-builder/bundle-tool/pkg/snapshot/generator.go:211.37,213.3 1 0
github.com/konflux-ci-forks/operator-sdk-builder/bundle-tool/pkg/snapshot/generator.go:215.2,215.40 1 1
github.com/konflux-ci-forks/operator-sdk-builder/bundle-tool/pkg/snapshot/generator.go:215.40,217.3 1 0
github.com/konflux-ci-forks/operator-sdk-builder/bundle-tool/pkg/snapshot/generator.go:220.2,220.53 1 1
github.com/konflux-ci-forks/operator-sdk-builder/bundle-tool/pkg/snapshot/generator.go:220.53,221.27 1 1
github.com/konflux-ci-forks/operator-sdk-builder/bundle-tool/pkg/snapshot/generator.go:221.27,223.4 1 0
github.com/konflux-ci-forks/operator-sdk-builder/bundle-tool/pkg/snapshot/generator.go:224.3,224.37 1 1
github.com/konflux-ci-forks/operator-sdk-builder/bundle-tool/pkg/snapshot/generator.go:224.37,226.4 1 0
github.com/konflux-ci-forks/operator-sdk-builder/bundle-tool/pkg/snapshot/generator.go:229.2,229.12 1 1
